# JRE version: OpenJDK Runtime Environment (11.0.10) (build 11.0.10+0-b96-7249189)
# Java VM: OpenJDK 64-Bit Server VM (11.0.10+0-b96-7249189, mixed mode, tiered, compressed oops, g1 gc, windows-amd64)
Heap:
 garbage-first heap   total 155648K, used 78491K [0x0000000080000000, 0x0000000100000000)
  region size 1024K, 26 young (26624K), 7 survivors (7168K)
 Metaspace       used 75376K, capacity 77157K, committed 77388K, reserved 1118208K
  class space    used 9849K, capacity 10500K, committed 10572K, reserved 1048576K
GC Heap History (20 events):
Event: 6.034 GC heap before
{Heap before GC invocations=6 (full 0):
 garbage-first heap   total 129024K, used 25501K [0x0000000080000000, 0x0000000100000000)
  region size 1024K, 12 young (12288K), 6 survivors (6144K)
 Metaspace       used 35059K, capacity 35830K, committed 35840K, reserved 1081344K
  class space    used 4539K, capacity 4864K, committed 4864K, reserved 1048576K
}
Event: 6.042 GC heap after
{Heap after GC invocations=7 (full 0):
 garbage-first heap   total 129024K, used 22066K [0x0000000080000000, 0x0000000100000000)
  region size 1024K, 4 young (4096K), 4 survivors (4096K)
 Metaspace       used 35059K, capacity 35830K, committed 35840K, reserved 1081344K
  class space    used 4539K, capacity 4864K, committed 4864K, reserved 1048576K
}
Event: 7.261 GC heap before
{Heap before GC invocations=8 (full 0):
 garbage-first heap   total 129024K, used 76338K [0x0000000080000000, 0x0000000100000000)
  region size 1024K, 55 young (56320K), 4 survivors (4096K)
 Metaspace       used 38723K, capacity 39634K, committed 39884K, reserved 1083392K
  class space    used 4934K, capacity 5252K, committed 5324K, reserved 1048576K
}
Event: 7.270 GC heap after
{Heap after GC invocations=9 (full 0):
 garbage-first heap   total 129024K, used 26067K [0x0000000080000000, 0x0000000100000000)
  region size 1024K, 7 young (7168K), 7 survivors (7168K)
 Metaspace       used 38723K, capacity 39634K, committed 39884K, reserved 1083392K
  class space    used 4934K, capacity 5252K, committed 5324K, reserved 1048576K
}
Event: 8.389 GC heap before
{Heap before GC invocations=9 (full 0):
 garbage-first heap   total 129024K, used 79315K [0x0000000080000000, 0x0000000100000000)
  region size 1024K, 59 young (60416K), 7 survivors (7168K)
 Metaspace       used 43662K, capacity 44766K, committed 44876K, reserved 1087488K
  class space    used 5577K, capacity 5935K, committed 5964K, reserved 1048576K
}
Event: 8.400 GC heap after
{Heap after GC invocations=10 (full 0):
 garbage-first heap   total 129024K, used 28555K [0x0000000080000000, 0x0000000100000000)
  region size 1024K, 7 young (7168K), 7 survivors (7168K)
 Metaspace       used 43662K, capacity 44766K, committed 44876K, reserved 1087488K
  class space    used 5577K, capacity 5935K, committed 5964K, reserved 1048576K
}
Event: 10.068 GC heap before
{Heap before GC invocations=10 (full 0):
 garbage-first heap   total 129024K, used 82827K [0x0000000080000000, 0x0000000100000000)
  region size 1024K, 60 young (61440K), 7 survivors (7168K)
 Metaspace       used 47009K, capacity 48286K, committed 48460K, reserved 1091584K
  class space    used 6007K, capacity 6443K, committed 6476K, reserved 1048576K
}
Event: 10.076 GC heap after
{Heap after GC invocations=11 (full 0):
 garbage-first heap   total 129024K, used 31529K [0x0000000080000000, 0x0000000100000000)
  region size 1024K, 6 young (6144K), 6 survivors (6144K)
 Metaspace       used 47009K, capacity 48286K, committed 48460K, reserved 1091584K
  class space    used 6007K, capacity 6443K, committed 6476K, reserved 1048576K
}
Event: 11.299 GC heap before
{Heap before GC invocations=11 (full 0):
 garbage-first heap   total 129024K, used 90921K [0x0000000080000000, 0x0000000100000000)
  region size 1024K, 60 young (61440K), 6 survivors (6144K)
 Metaspace       used 52601K, capacity 54011K, committed 54092K, reserved 1095680K
  class space    used 6734K, capacity 7184K, committed 7244K, reserved 1048576K
}
Event: 11.310 GC heap after
{Heap after GC invocations=12 (full 0):
 garbage-first heap   total 129024K, used 43185K [0x0000000080000000, 0x0000000100000000)
  region size 1024K, 8 young (8192K), 8 survivors (8192K)
 Metaspace       used 52601K, capacity 54011K, committed 54092K, reserved 1095680K
  class space    used 6734K, capacity 7184K, committed 7244K, reserved 1048576K
}
Event: 12.053 GC heap before
{Heap before GC invocations=12 (full 0):
 garbage-first heap   total 129024K, used 79025K [0x0000000080000000, 0x0000000100000000)
  region size 1024K, 44 young (45056K), 8 survivors (8192K)
 Metaspace       used 58598K, capacity 60156K, committed 60236K, reserved 1101824K
  class space    used 7436K, capacity 7992K, committed 8012K, reserved 1048576K
}
Event: 12.071 GC heap after
{Heap after GC invocations=13 (full 0):
 garbage-first heap   total 129024K, used 45611K [0x0000000080000000, 0x0000000100000000)
  region size 1024K, 3 young (3072K), 3 survivors (3072K)
 Metaspace       used 58598K, capacity 60156K, committed 60236K, reserved 1101824K
  class space    used 7436K, capacity 7992K, committed 8012K, reserved 1048576K
}
Event: 13.375 GC heap before
{Heap before GC invocations=14 (full 0):
 garbage-first heap   total 129024K, used 90667K [0x0000000080000000, 0x0000000100000000)
  region size 1024K, 47 young (48128K), 3 survivors (3072K)
 Metaspace       used 62671K, capacity 64223K, committed 64460K, reserved 1105920K
  class space    used 7950K, capacity 8526K, committed 8652K, reserved 1048576K
}
Event: 13.387 GC heap after
{Heap after GC invocations=15 (full 0):
 garbage-first heap   total 129024K, used 50106K [0x0000000080000000, 0x0000000100000000)
  region size 1024K, 6 young (6144K), 6 survivors (6144K)
 Metaspace       used 62671K, capacity 64223K, committed 64460K, reserved 1105920K
  class space    used 7950K, capacity 8526K, committed 8652K, reserved 1048576K
}
Event: 14.354 GC heap before
{Heap before GC invocations=16 (full 0):
 garbage-first heap   total 129024K, used 95162K [0x0000000080000000, 0x0000000100000000)
  region size 1024K, 50 young (51200K), 6 survivors (6144K)
 Metaspace       used 64283K, capacity 65913K, committed 66124K, reserved 1105920K
  class space    used 8180K, capacity 8743K, committed 8780K, reserved 1048576K
}
Event: 14.366 GC heap after
{Heap after GC invocations=17 (full 0):
 garbage-first heap   total 155648K, used 53092K [0x0000000080000000, 0x0000000100000000)
  region size 1024K, 4 young (4096K), 4 survivors (4096K)
 Metaspace       used 64283K, capacity 65913K, committed 66124K, reserved 1105920K
  class space    used 8180K, capacity 8743K, committed 8780K, reserved 1048576K
}
Event: 17.191 GC heap before
{Heap before GC invocations=17 (full 0):
 garbage-first heap   total 155648K, used 107364K [0x0000000080000000, 0x0000000100000000)
  region size 1024K, 57 young (58368K), 4 survivors (4096K)
 Metaspace       used 68738K, capacity 70346K, committed 70476K, reserved 1110016K
  class space    used 8898K, capacity 9509K, committed 9548K, reserved 1048576K
}
Event: 17.202 GC heap after
{Heap after GC invocations=18 (full 0):
 garbage-first heap   total 155648K, used 56464K [0x0000000080000000, 0x0000000100000000)
  region size 1024K, 8 young (8192K), 8 survivors (8192K)
 Metaspace       used 68738K, capacity 70346K, committed 70476K, reserved 1110016K
  class space    used 8898K, capacity 9509K, committed 9548K, reserved 1048576K
}
Event: 19.258 GC heap before
{Heap before GC invocations=18 (full 0):
 garbage-first heap   total 155648K, used 110736K [0x0000000080000000, 0x0000000100000000)
  region size 1024K, 61 young (62464K), 8 survivors (8192K)
 Metaspace       used 72715K, capacity 74503K, committed 74700K, reserved 1114112K
  class space    used 9519K, capacity 10160K, committed 10188K, reserved 1048576K
}
Event: 19.266 GC heap after
{Heap after GC invocations=19 (full 0):
 garbage-first heap   total 155648K, used 60059K [0x0000000080000000, 0x0000000100000000)
  region size 1024K, 7 young (7168K), 7 survivors (7168K)
 Metaspace       used 72715K, capacity 74503K, committed 74700K, reserved 1114112K
  class space    used 9519K, capacity 10160K, committed 10188K, reserved 1048576K
}

